[debug] [2024-04-09T01:37:34.455Z] ----------------------------------------------------------------------
[debug] [2024-04-09T01:37:34.456Z] Command:       /Users/haklee/.nvm/versions/node/v20.8.1/bin/node /Users/haklee/.nvm/versions/node/v20.8.1/bin/firebase deploy
[debug] [2024-04-09T01:37:34.457Z] CLI Version:   13.1.0
[debug] [2024-04-09T01:37:34.457Z] Platform:      darwin
[debug] [2024-04-09T01:37:34.457Z] Node Version:  v20.8.1
[debug] [2024-04-09T01:37:34.457Z] Time:          Tue Apr 09 2024 10:37:34 GMT+0900 (Korean Standard Time)
[debug] [2024-04-09T01:37:34.457Z] ----------------------------------------------------------------------
[debug] 
[debug] [2024-04-09T01:37:34.493Z] > command requires scopes: ["email","openid","https://www.googleapis.com/auth/cloudplatformprojects.readonly","https://www.googleapis.com/auth/firebase","https://www.googleapis.com/auth/cloud-platform"]
[debug] [2024-04-09T01:37:34.494Z] > authorizing via signed-in user (haklee.googl@gmail.com)
[debug] [2024-04-09T01:37:34.494Z] [iam] checking project soundux-urf for permissions ["firebase.projects.get","firebasehosting.sites.update"]
[debug] [2024-04-09T01:37:34.494Z] > refreshing access token with scopes: []
[debug] [2024-04-09T01:37:34.495Z] >>> [apiv2][query] POST https://www.googleapis.com/oauth2/v3/token [none]
[debug] [2024-04-09T01:37:34.495Z] >>> [apiv2][body] POST https://www.googleapis.com/oauth2/v3/token [omitted]
[debug] [2024-04-09T01:37:34.926Z] <<< [apiv2][status] POST https://www.googleapis.com/oauth2/v3/token 200
[debug] [2024-04-09T01:37:34.927Z] <<< [apiv2][body] POST https://www.googleapis.com/oauth2/v3/token [omitted]
[debug] [2024-04-09T01:37:34.945Z] >>> [apiv2][query] POST https://cloudresourcemanager.googleapis.com/v1/projects/soundux-urf:testIamPermissions [none]
[debug] [2024-04-09T01:37:34.945Z] >>> [apiv2][(partial)header] POST https://cloudresourcemanager.googleapis.com/v1/projects/soundux-urf:testIamPermissions x-goog-quota-user=projects/soundux-urf
[debug] [2024-04-09T01:37:34.946Z] >>> [apiv2][body] POST https://cloudresourcemanager.googleapis.com/v1/projects/soundux-urf:testIamPermissions {"permissions":["firebase.projects.get","firebasehosting.sites.update"]}
[debug] [2024-04-09T01:37:36.040Z] <<< [apiv2][status] POST https://cloudresourcemanager.googleapis.com/v1/projects/soundux-urf:testIamPermissions 200
[debug] [2024-04-09T01:37:36.040Z] <<< [apiv2][body] POST https://cloudresourcemanager.googleapis.com/v1/projects/soundux-urf:testIamPermissions {"permissions":["firebase.projects.get","firebasehosting.sites.update"]}
[debug] [2024-04-09T01:37:36.041Z] >>> [apiv2][query] GET https://firebase.googleapis.com/v1beta1/projects/soundux-urf [none]
[debug] [2024-04-09T01:37:36.760Z] <<< [apiv2][status] GET https://firebase.googleapis.com/v1beta1/projects/soundux-urf 200
[debug] [2024-04-09T01:37:36.760Z] <<< [apiv2][body] GET https://firebase.googleapis.com/v1beta1/projects/soundux-urf {"projectId":"soundux-urf","projectNumber":"448943737213","displayName":"SoundUX-URF","name":"projects/soundux-urf","resources":{"hostingSite":"soundux-urf"},"state":"ACTIVE","etag":"1_76de3ca0-e648-4d47-b8b7-64a55a7a6ae0"}
[info] 
   Thank you for trying our early preview of Next.js support on Firebase Hosting.
   During the preview, support is best-effort and breaking changes can be expected. Proceed with caution.
   The integration is known to work with Next.js version 12 - 14.0. You may encounter errors.

   Documentation: https://firebase.google.com/docs/hosting/frameworks/nextjs
   File a bug: https://github.com/firebase/firebase-tools/issues/new?template=bug_report.md
   Submit a feature request: https://github.com/firebase/firebase-tools/issues/new?template=feature_request.md

   We'd love to learn from you. Express your interest in helping us shape the future of Firebase Hosting: https://goo.gle/41enW5X

[debug] [2024-04-09T01:37:41.667Z] >>> [apiv2][query] GET https://firebasehosting.googleapis.com/v1beta1/projects/soundux-urf/sites/soundux-urf [none]
[debug] [2024-04-09T01:37:42.575Z] <<< [apiv2][status] GET https://firebasehosting.googleapis.com/v1beta1/projects/soundux-urf/sites/soundux-urf 200
[debug] [2024-04-09T01:37:42.575Z] <<< [apiv2][body] GET https://firebasehosting.googleapis.com/v1beta1/projects/soundux-urf/sites/soundux-urf {"name":"projects/soundux-urf/sites/soundux-urf","defaultUrl":"https://soundux-urf.web.app","type":"DEFAULT_SITE"}
[info]    ▲ Next.js 14.1.4

[info]    - Environments: .env


[info]    Creating an optimized production build ...

[info]  ✓ Compiled successfully

[info]    Linting and checking validity of types ...

[info] 

[info]  ⚠ The Next.js plugin was not detected in your ESLint configuration. See https://nextjs.org/docs/basic-features/eslint#migrating-existing-config

[info]    Collecting page data ...

[info]    Generating static pages (0/4) ...

[info]    Generating static pages (1/4) 

[info]    Generating static pages (2/4) 

[info]    Generating static pages (3/4) 

[info]  ✓ Generating static pages (4/4) 

[info]    Finalizing page optimization ...

[info]    Collecting build traces ...

[info] 

[info] Route (app)                              Size     First Load JS
┌ ○ /                                    42 kB           187 kB
└ ○ /_not-found                          885 B          85.3 kB
+ First Load JS shared by all            84.4 kB
  ├ chunks/69-d866c8208794629f.js        29.1 kB
  ├ chunks/fd9d1056-a844682d51486e4a.js  53.4 kB
  └ other shared chunks (total)          2.01 kB


[info] 
○  (Static)  prerendered as static content


[info] Building a Cloud Function to run this application. This is needed due to:
[info]  • advanced rewrites
[info] 
[debug] [2024-04-09T01:37:50.501Z] >>> [apiv2][query] GET https://firebasehosting.googleapis.com/v1beta1/projects/soundux-urf/sites/soundux-urf [none]
[debug] [2024-04-09T01:37:51.453Z] <<< [apiv2][status] GET https://firebasehosting.googleapis.com/v1beta1/projects/soundux-urf/sites/soundux-urf 200
[debug] [2024-04-09T01:37:51.453Z] <<< [apiv2][body] GET https://firebasehosting.googleapis.com/v1beta1/projects/soundux-urf/sites/soundux-urf {"name":"projects/soundux-urf/sites/soundux-urf","defaultUrl":"https://soundux-urf.web.app","type":"DEFAULT_SITE"}
[debug] [2024-04-09T01:38:33.801Z] Error: Command failed: npm i --omit dev --no-audit
    at checkExecSyncError (node:child_process:890:11)
    at execSync (node:child_process:962:15)
    at prepareFrameworks (/Users/haklee/.nvm/versions/node/v20.8.1/lib/node_modules/firebase-tools/lib/frameworks/index.js:371:42)
    at async deploy (/Users/haklee/.nvm/versions/node/v20.8.1/lib/node_modules/firebase-tools/lib/deploy/index.js:55:13)
[error] 
[error] Error: An unexpected error has occurred.
